topaz:/usr/tmp/eis % maple
    |\^/|     Maple V Release 3 (ETH-Zurich)
._|\|   |/|_. Copyright (c) 1981-1994 by Waterloo Maple Software and the
 \  MAPLE  /  University of Waterloo. All rights reserved. Maple and Maple V
 <____ ____>  are registered trademarks of Waterloo Maple Software.
      |       Type ? for help.
> read  eis_format;
Warning, `pnum` is implicitly declared local
Warning, `chaineI` is implicitly declared local
Warning, `chaineN` is implicitly declared local
Warning, `chainep` is implicitly declared local
Warning, `chaineD` is implicitly declared local
Warning, `poo` is implicitly declared local
> seq1:=[1,2,4,8,16,32,64];

                        seq1 := [1, 2, 4, 8, 16, 32, 64]

> format(seq1,8787);
%I A008787
%S A008787 1,2,4,8,16,32,64
%N A008787
%R A008787
%O A008787 0,2
%K A008787 nonn
%A A008787 rwgk@laplace.csb.yale.edu (Ralf W. Grosse-Kunstleve)
%D A008787
%p A008787
> seq2:=[seq(2^n,n=0..50)];

seq2 := [1, 2, 4, 8, 16, 32, 64, 128, 256, 512, 1024, 2048, 4096, 8192, 16384,

    32768, 65536, 131072, 262144, 524288, 1048576, 2097152, 4194304, 8388608,

    16777216, 33554432, 67108864, 134217728, 268435456, 536870912, 1073741824,

    2147483648, 4294967296, 8589934592, 17179869184, 34359738368, 68719476736,

    137438953472, 274877906944, 549755813888, 1099511627776, 2199023255552,

    4398046511104, 8796093022208, 17592186044416, 35184372088832,

    70368744177664, 140737488355328, 281474976710656, 562949953421312,

    1125899906842624]

> format(seq2,8788);
%I A008788
%S A008788 1,2,4,8,16,32,64,128,256,512,1024,2048,4096,8192,16384,
%T A008788 32768,65536,131072,262144,524288,1048576,2097152,4194304,
%U A008788 8388608,16777216,33554432,67108864,134217728,268435456
%N A008788
%R A008788
%O A008788 0,2
%K A008788 nonn
%A A008788 rwgk@laplace.csb.yale.edu (Ralf W. Grosse-Kunstleve)
%D A008788
%p A008788
> seq3:=[seq( (-1)^n*2^n,n=0..50) ];

seq3 := [1, -2, 4, -8, 16, -32, 64, -128, 256, -512, 1024, -2048, 4096, -8192,

    16384, -32768, 65536, -131072, 262144, -524288, 1048576, -2097152,

    4194304, -8388608, 16777216, -33554432, 67108864, -134217728, 268435456,

    -536870912, 1073741824, -2147483648, 4294967296, -8589934592, 17179869184,

    -34359738368, 68719476736, -137438953472, 274877906944, -549755813888,

    1099511627776, -2199023255552, 4398046511104, -8796093022208,

    17592186044416, -35184372088832, 70368744177664, -140737488355328,

    281474976710656, -562949953421312, 1125899906842624]

> format(seq3,8789);
%I A008789
%S A008789 1,2,4,8,16,32,64,128,256,512,1024,2048,4096,8192,16384,
%T A008789 32768,65536,131072,262144,524288,1048576,2097152,4194304,
%U A008789 8388608,16777216,33554432,67108864,134217728,268435456
%V A008789 1,-2,4,-8,16,-32,64,-128,256,-512,1024,-2048,4096,-8192,16384,
%W A008789 -32768,65536,-131072,262144,-524288,1048576,-2097152,4194304,
%X A008789 -8388608,16777216,-33554432,67108864,-134217728,268435456
%N A008789
%R A008789
%O A008789 0,2
%K A008789 sign,done
%A A008789 rwgk@laplace.csb.yale.edu (Ralf W. Grosse-Kunstleve)
%D A008789
%p A008789
> quit
bytes used=228304, alloc=196572, time=0.18
